<?xml version="1.0" encoding="UTF-8"?>
<!-- Generated by org.testng.reporters.JUnitReportReporter -->
<testsuite hostname="pragna" failures="0" tests="1" name="testNGAssignments.TestNGAssignment1" time="13.324" errors="0" timestamp="2023-05-23T18:49:19 CDT" skipped="0">
  <testcase classname="testNGAssignments.TestNGAssignment1" name="loginLogout" time="13.324"/>
  <system-out/>
</testsuite> <!-- testNGAssignments.TestNGAssignment1 -->
