<?xml version="1.0" encoding="UTF-8"?>
<!-- Generated by org.testng.reporters.JUnitReportReporter -->
<testsuite hostname="pragna" failures="0" tests="1" name="class50_51_pageobjectmodel.LoginApp4" time="10.701" errors="0" timestamp="2023-06-06T17:23:06 CDT" skipped="0">
  <testcase classname="class50_51_pageobjectmodel.LoginApp4" name="loginToApplicationWithNonExistingUser" time="10.701"/>
  <system-out/>
</testsuite> <!-- class50_51_pageobjectmodel.LoginApp4 -->
