<?xml version="1.0" encoding="UTF-8"?>
<!-- Generated by org.testng.reporters.JUnitReportReporter -->
<testsuite hostname="pragna" failures="0" tests="1" name="class49_configReader.ReadPropertyFile" time="0.022" errors="0" timestamp="2023-05-29T22:26:18 CDT" skipped="0">
  <testcase classname="class49_configReader.ReadPropertyFile" name="readConfig" time="0.022"/>
  <system-out/>
</testsuite> <!-- class49_configReader.ReadPropertyFile -->
