<?xml version="1.0" encoding="UTF-8"?>
<!-- Generated by org.testng.reporters.JUnitReportReporter -->
<testsuite hostname="pragna" failures="0" tests="1" name="testNGAssignments.ManageCourseTab" time="16.347" errors="0" timestamp="2023-05-23T21:12:08 CDT" skipped="0">
  <testcase classname="testNGAssignments.ManageCourseTab" name="loginApplication" time="16.347"/>
  <system-out/>
</testsuite> <!-- testNGAssignments.ManageCourseTab -->
