<?xml version="1.0" encoding="UTF-8"?>
<!-- Generated by org.testng.reporters.JUnitReportReporter -->
<testsuite hostname="pragna" failures="0" tests="1" name="class50_pageobjectmodel.LoginApp2" time="9.454" errors="0" timestamp="2023-05-30T12:52:15 CDT" skipped="0">
  <testcase classname="class50_pageobjectmodel.LoginApp2" name="loginToApplicationWithNonExistingUser" time="9.454"/>
  <system-out/>
</testsuite> <!-- class50_pageobjectmodel.LoginApp2 -->
