<?xml version="1.0" encoding="UTF-8"?>
<!-- Generated by org.testng.reporters.JUnitReportReporter -->
<testsuite hostname="pragna" failures="0" tests="3" name="class45_cross_parallelExecution.LoginTest" time="55.547" errors="0" timestamp="2023-06-09T16:48:39 CDT" skipped="0">
  <testcase classname="class45_cross_parallelExecution.LoginTest" name="loginApplication" time="18.883"/>
  <system-out/>
  <testcase classname="class45_cross_parallelExecution.LoginTest" name="loginApplication" time="16.457"/>
  <system-out/>
  <testcase classname="class45_cross_parallelExecution.LoginTest" name="loginApplication" time="20.207"/>
  <system-out/>
</testsuite> <!-- class45_cross_parallelExecution.LoginTest -->
