<?xml version="1.0" encoding="UTF-8"?>
<!-- Generated by org.testng.reporters.JUnitReportReporter -->
<testsuite hostname="pragna" failures="0" tests="1" name="testingScripts.MyFirtsTestNG3" time="0.016" errors="0" timestamp="2023-06-09T15:28:45 CDT" skipped="0">
  <testcase classname="testingScripts.MyFirtsTestNG3" name="test3" time="0.016"/>
  <system-out/>
</testsuite> <!-- testingScripts.MyFirtsTestNG3 -->
