<?xml version="1.0" encoding="UTF-8"?>
<!-- Generated by org.testng.reporters.JUnitReportReporter -->
<testsuite hostname="pragna" failures="0" tests="2" name="class50_pageobjectmodel.LoginApp" time="16.423" errors="0" timestamp="2023-05-30T12:59:24 CDT" skipped="0">
  <testcase classname="class50_pageobjectmodel.LoginApp" name="loginToApplicationWithoutNonExistingUser" time="6.062"/>
  <system-out/>
  <testcase classname="class50_pageobjectmodel.LoginApp" name="loginToApplicationWithNonExistingUser" time="10.361"/>
  <system-out/>
</testsuite> <!-- class50_pageobjectmodel.LoginApp -->
