<?xml version="1.0" encoding="UTF-8"?>
<!-- Generated by org.testng.reporters.JUnitReportReporter -->
<testsuite hostname="pragna" failures="0" tests="4" name="testingScripts.MyFirstTestNG2" time="0.009" errors="0" timestamp="2023-06-08T18:46:24 CDT" skipped="1">
  <testcase classname="testingScripts.MyFirstTestNG2" name="logoutFromApplication" time="0.007"/>
  <system-out/>
  <testcase classname="testingScripts.MyFirstTestNG2" name="loginApplication" time="0.001"/>
  <system-out/>
  <testcase classname="testingScripts.MyFirstTestNG2" name="createCouse" time="0.001"/>
  <system-out/>
  <testcase classname="testingScripts.MyFirstTestNG2" name="deleteCourse">
    <skipped/>
  </testcase> <!-- deleteCourse -->
  <system-out/>
</testsuite> <!-- testingScripts.MyFirstTestNG2 -->
