<?xml version="1.0" encoding="UTF-8"?>
<!-- Generated by org.testng.reporters.JUnitReportReporter -->
<testsuite hostname="pragna" failures="0" tests="3" name="class48_DDT.DDTExample3" time="26.749" errors="0" timestamp="2023-06-01T17:48:33 CDT" skipped="0">
  <testcase classname="class48_DDT.DDTExample3" name="test1" time="12.178"/>
  <system-out/>
  <testcase classname="class48_DDT.DDTExample3" name="test1" time="7.292"/>
  <system-out/>
  <testcase classname="class48_DDT.DDTExample3" name="test1" time="7.279"/>
  <system-out/>
</testsuite> <!-- class48_DDT.DDTExample3 -->
