<?xml version="1.0" encoding="UTF-8"?>
<!-- Generated by org.testng.reporters.JUnitReportReporter -->
<testsuite hostname="pragna" failures="0" tests="1" name="class43_testngExamples.AssertExample" time="0.009" errors="0" timestamp="2023-06-08T18:48:54 CDT" skipped="0">
  <testcase classname="class43_testngExamples.AssertExample" name="test6" time="0.009"/>
  <system-out/>
</testsuite> <!-- class43_testngExamples.AssertExample -->
