<?xml version="1.0" encoding="UTF-8"?>
<!-- Generated by org.testng.reporters.JUnitReportReporter -->
<testsuite hostname="pragna" failures="0" tests="5" name="testNGAssignments.DDTAssignment" time="66.889" errors="0" timestamp="2023-05-28T22:48:56 CDT" skipped="0">
  <testcase classname="testNGAssignments.DDTAssignment" name="test1" time="12.852"/>
  <system-out/>
  <testcase classname="testNGAssignments.DDTAssignment" name="test1" time="12.910"/>
  <system-out/>
  <testcase classname="testNGAssignments.DDTAssignment" name="test1" time="12.503"/>
  <system-out/>
  <testcase classname="testNGAssignments.DDTAssignment" name="test1" time="14.825"/>
  <system-out/>
  <testcase classname="testNGAssignments.DDTAssignment" name="test1" time="13.799"/>
  <system-out/>
</testsuite> <!-- testNGAssignments.DDTAssignment -->
