<?xml version="1.0" encoding="UTF-8"?>
<!-- Generated by org.testng.reporters.JUnitReportReporter -->
<testsuite hostname="pragna" failures="0" tests="3" name="class48_DDT.DDTExample" time="0.012" errors="0" timestamp="2023-06-09T16:57:20 CDT" skipped="0">
  <testcase classname="class48_DDT.DDTExample" name="test1" time="0.002"/>
  <system-out/>
  <testcase classname="class48_DDT.DDTExample" name="test1" time="0.002"/>
  <system-out/>
  <testcase classname="class48_DDT.DDTExample" name="test1" time="0.008"/>
  <system-out/>
</testsuite> <!-- class48_DDT.DDTExample -->
