<?xml version="1.0" encoding="UTF-8"?>
<!-- Generated by org.testng.reporters.JUnitReportReporter -->
<testsuite hostname="pragna" failures="0" tests="1" name="class45_cross_parallelExecution.CBT" time="0.010" errors="0" timestamp="2023-06-08T15:39:40 CDT" skipped="0">
  <testcase classname="class45_cross_parallelExecution.CBT" name="test1" time="0.010"/>
  <system-out/>
</testsuite> <!-- class45_cross_parallelExecution.CBT -->
