<?xml version="1.0" encoding="UTF-8"?>
<!-- Generated by org.testng.reporters.JUnitReportReporter -->
<testsuite hostname="pragna" failures="0" tests="3" name="class48_DDT.DDTExample2" time="0.010" errors="0" timestamp="2023-06-09T16:58:08 CDT" skipped="0">
  <testcase classname="class48_DDT.DDTExample2" name="test1" time="0.001"/>
  <system-out/>
  <testcase classname="class48_DDT.DDTExample2" name="test1" time="0.008"/>
  <system-out/>
  <testcase classname="class48_DDT.DDTExample2" name="test1" time="0.001"/>
  <system-out/>
</testsuite> <!-- class48_DDT.DDTExample2 -->
