<?xml version="1.0" encoding="UTF-8"?>
<!-- Generated by org.testng.reporters.JUnitReportReporter -->
<testsuite hostname="pragna" failures="0" tests="4" name="class45_cross_parallelExecution.ParallelTest" time="0.010" errors="0" timestamp="2023-06-09T16:46:40 CDT" skipped="0">
  <testcase classname="class45_cross_parallelExecution.ParallelTest" name="deleteCourse" time="0.001"/>
  <system-out/>
  <testcase classname="class45_cross_parallelExecution.ParallelTest" name="logoutfromApplication" time="0.001"/>
  <system-out/>
  <testcase classname="class45_cross_parallelExecution.ParallelTest" name="loginApplication" time="0.002"/>
  <system-out/>
  <testcase classname="class45_cross_parallelExecution.ParallelTest" name="addCourse" time="0.006"/>
  <system-out/>
</testsuite> <!-- class45_cross_parallelExecution.ParallelTest -->
