<?xml version="1.0" encoding="UTF-8"?>
<!-- Generated by org.testng.reporters.JUnitReportReporter -->
<testsuite hostname="pragna" failures="0" tests="1" name="class49_configReader.ReadPropertyFile2" time="0.017" errors="0" timestamp="2023-05-29T22:32:58 CDT" skipped="0">
  <testcase classname="class49_configReader.ReadPropertyFile2" name="readConfig" time="0.017"/>
  <system-out/>
</testsuite> <!-- class49_configReader.ReadPropertyFile2 -->
