<?xml version="1.0" encoding="UTF-8"?>
<!-- Generated by org.testng.reporters.JUnitReportReporter -->
<testsuite hostname="pragna" failures="0" tests="1" name="testNGAssignments.ManageCourseTab2" time="4.959" errors="0" timestamp="2023-05-23T23:14:21 CDT" skipped="0">
  <testcase classname="testNGAssignments.ManageCourseTab2" name="loginApplication" time="4.959"/>
  <system-out/>
</testsuite> <!-- testNGAssignments.ManageCourseTab2 -->
