<?xml version="1.0" encoding="UTF-8"?>
<!-- Generated by org.testng.reporters.JUnitReportReporter -->
<testsuite hostname="pragna" failures="0" tests="3" name="testingScripts.MyFirstTestNG" time="0.007" errors="0" timestamp="2023-06-08T18:45:38 CDT" skipped="0">
  <testcase classname="testingScripts.MyFirstTestNG" name="test3" time="0.000"/>
  <system-out/>
  <testcase classname="testingScripts.MyFirstTestNG" name="test2" time="0.001"/>
  <system-out/>
  <testcase classname="testingScripts.MyFirstTestNG" name="test1" time="0.006"/>
  <system-out/>
</testsuite> <!-- testingScripts.MyFirstTestNG -->
